<?xml version="1.0"?><coverage lines-covered="970" lines-valid="1023" line-rate="0.9481915933528837" branches-covered="0" branches-valid="0" branch-rate="0" complexity="0" version="1.9" timestamp="1700743566"><sources><source>/home/kirpal/Documents/rust/optimisers</source></sources><packages><package name="src" line-rate="0.9481915933528837" branch-rate="0" complexity="0"><classes><class name="adadelta" filename="src/adadelta.rs" line-rate="1" branch-rate="0" complexity="0"><methods/><lines><line number="35" hits="2"/><line number="48" hits="3"/><line number="49" hits="3"/><line number="51" hits="6"/><line number="52" hits="3"/><line number="53" hits="6"/><line number="54" hits="3"/><line number="55" hits="3"/><line number="56" hits="3"/><line number="57" hits="6"/><line number="58" hits="3"/><line number="64" hits="3"/><line number="71" hits="1"/><line number="72" hits="1"/><line number="75" hits="2"/><line number="76" hits="2"/><line number="77" hits="2"/><line number="78" hits="1"/><line number="79" hits="1"/><line number="80" hits="1"/><line number="81" hits="1"/><line number="82" hits="3"/><line number="83" hits="2"/><line number="84" hits="5"/><line number="85" hits="3"/><line number="86" hits="1"/><line number="87" hits="3"/><line number="88" hits="2"/><line number="89" hits="2"/><line number="90" hits="1"/><line number="91" hits="2"/><line number="95" hits="3"/><line number="96" hits="1"/><line number="97" hits="1"/><line number="98" hits="1"/><line number="99" hits="1"/><line number="100" hits="1"/><line number="101" hits="4"/><line number="102" hits="2"/><line number="103" hits="5"/><line number="104" hits="3"/><line number="105" hits="1"/><line number="106" hits="3"/><line number="107" hits="2"/><line number="108" hits="2"/><line number="109" hits="1"/><line number="110" hits="4"/><line number="115" hits="1"/><line number="118" hits="1"/><line number="119" hits="1"/><line number="125" hits="1"/><line number="126" hits="3"/></lines></class><class name="adagrad" filename="src/adagrad.rs" line-rate="1" branch-rate="0" complexity="0"><methods/><lines><line number="36" hits="2"/><line number="51" hits="4"/><line number="52" hits="5"/><line number="54" hits="9"/><line number="55" hits="4"/><line number="56" hits="9"/><line number="57" hits="5"/><line number="58" hits="4"/><line number="59" hits="5"/><line number="60" hits="4"/><line number="66" hits="5"/><line number="73" hits="1"/><line number="74" hits="1"/><line number="77" hits="2"/><line number="78" hits="2"/><line number="79" hits="3"/><line number="80" hits="2"/><line number="81" hits="1"/><line number="82" hits="2"/><line number="83" hits="1"/><line number="84" hits="2"/><line number="85" hits="3"/><line number="87" hits="1"/><line number="88" hits="3"/><line number="92" hits="3"/><line number="93" hits="1"/><line number="94" hits="1"/><line number="95" hits="1"/><line number="96" hits="1"/><line number="97" hits="1"/><line number="98" hits="2"/><line number="99" hits="2"/><line number="101" hits="1"/><line number="102" hits="5"/><line number="106" hits="2"/><line number="107" hits="1"/><line number="110" hits="1"/><line number="111" hits="1"/><line number="117" hits="1"/><line number="118" hits="3"/></lines></class><class name="adam" filename="src/adam.rs" line-rate="0.9875" branch-rate="0" complexity="0"><methods/><lines><line number="45" hits="5"/><line number="49" hits="5"/><line number="50" hits="5"/><line number="51" hits="10"/><line number="52" hits="5"/><line number="53" hits="10"/><line number="54" hits="5"/><line number="55" hits="5"/><line number="56" hits="5"/><line number="57" hits="10"/><line number="58" hits="5"/><line number="60" hits="0"/><line number="64" hits="1"/><line number="65" hits="3"/><line number="68" hits="3"/><line number="74" hits="3"/><line number="75" hits="2"/><line number="76" hits="1"/><line number="77" hits="1"/><line number="78" hits="1"/><line number="79" hits="1"/><line number="80" hits="1"/><line number="82" hits="4"/><line number="83" hits="1"/><line number="84" hits="2"/><line number="85" hits="2"/><line number="86" hits="2"/><line number="87" hits="1"/><line number="88" hits="1"/><line number="89" hits="2"/><line number="92" hits="2"/><line number="93" hits="2"/><line number="94" hits="1"/><line number="95" hits="1"/><line number="96" hits="1"/><line number="97" hits="1"/><line number="98" hits="2"/><line number="99" hits="2"/><line number="100" hits="2"/><line number="102" hits="4"/><line number="103" hits="1"/><line number="104" hits="2"/><line number="105" hits="2"/><line number="106" hits="2"/><line number="107" hits="1"/><line number="108" hits="1"/><line number="109" hits="2"/><line number="113" hits="3"/><line number="114" hits="1"/><line number="115" hits="1"/><line number="116" hits="1"/><line number="117" hits="1"/><line number="118" hits="1"/><line number="119" hits="2"/><line number="121" hits="4"/><line number="122" hits="1"/><line number="123" hits="2"/><line number="124" hits="2"/><line number="125" hits="2"/><line number="126" hits="1"/><line number="127" hits="1"/><line number="128" hits="5"/><line number="132" hits="1"/><line number="148" hits="2"/><line number="152" hits="3"/><line number="153" hits="4"/><line number="154" hits="6"/><line number="155" hits="2"/><line number="156" hits="6"/><line number="157" hits="4"/><line number="158" hits="2"/><line number="159" hits="4"/><line number="160" hits="6"/><line number="161" hits="6"/><line number="162" hits="4"/><line number="163" hits="2"/><line number="164" hits="4"/><line number="165" hits="3"/><line number="169" hits="0"/><line number="173" hits="1"/><line number="174" hits="3"/><line number="177" hits="3"/><line number="183" hits="3"/><line number="184" hits="2"/><line number="185" hits="1"/><line number="186" hits="1"/><line number="187" hits="1"/><line number="188" hits="1"/><line number="189" hits="1"/><line number="190" hits="1"/><line number="192" hits="4"/><line number="193" hits="1"/><line number="194" hits="2"/><line number="195" hits="2"/><line number="196" hits="2"/><line number="197" hits="2"/><line number="198" hits="1"/><line number="199" hits="1"/><line number="200" hits="2"/><line number="201" hits="2"/><line number="204" hits="1"/><line number="205" hits="2"/><line number="206" hits="1"/><line number="207" hits="1"/><line number="208" hits="1"/><line number="209" hits="1"/><line number="210" hits="1"/><line number="211" hits="2"/><line number="212" hits="2"/><line number="213" hits="2"/><line number="215" hits="4"/><line number="216" hits="1"/><line number="217" hits="2"/><line number="218" hits="2"/><line number="219" hits="2"/><line number="220" hits="2"/><line number="221" hits="1"/><line number="222" hits="1"/><line number="223" hits="2"/><line number="224" hits="2"/><line number="228" hits="3"/><line number="229" hits="1"/><line number="230" hits="1"/><line number="231" hits="1"/><line number="232" hits="1"/><line number="233" hits="1"/><line number="234" hits="1"/><line number="235" hits="2"/><line number="237" hits="4"/><line number="238" hits="1"/><line number="239" hits="2"/><line number="240" hits="2"/><line number="241" hits="2"/><line number="242" hits="2"/><line number="243" hits="1"/><line number="244" hits="1"/><line number="245" hits="2"/><line number="246" hits="4"/><line number="250" hits="1"/><line number="273" hits="6"/><line number="289" hits="8"/><line number="290" hits="15"/><line number="291" hits="8"/><line number="292" hits="3"/><line number="298" hits="10"/><line number="299" hits="5"/><line number="307" hits="1"/><line number="308" hits="1"/><line number="311" hits="3"/><line number="312" hits="3"/><line number="313" hits="3"/><line number="314" hits="5"/><line number="316" hits="1"/><line number="317" hits="1"/><line number="320" hits="1"/><line number="321" hits="1"/><line number="327" hits="1"/><line number="328" hits="1"/><line number="329" hits="1"/><line number="330" hits="1"/></lines></class><class name="adamax" filename="src/adamax.rs" line-rate="1" branch-rate="0" complexity="0"><methods/><lines><line number="36" hits="3"/><line number="50" hits="3"/><line number="51" hits="3"/><line number="53" hits="6"/><line number="54" hits="3"/><line number="55" hits="6"/><line number="56" hits="3"/><line number="57" hits="3"/><line number="58" hits="3"/><line number="59" hits="6"/><line number="60" hits="3"/><line number="66" hits="3"/><line number="73" hits="1"/><line number="74" hits="1"/><line number="77" hits="1"/><line number="78" hits="1"/><line number="79" hits="2"/><line number="80" hits="1"/><line number="81" hits="1"/><line number="82" hits="1"/><line number="83" hits="1"/><line number="84" hits="1"/><line number="86" hits="4"/><line number="87" hits="2"/><line number="88" hits="3"/><line number="89" hits="2"/><line number="90" hits="1"/><line number="91" hits="1"/><line number="92" hits="2"/><line number="96" hits="3"/><line number="97" hits="1"/><line number="98" hits="1"/><line number="99" hits="1"/><line number="100" hits="1"/><line number="101" hits="1"/><line number="102" hits="2"/><line number="104" hits="4"/><line number="105" hits="2"/><line number="106" hits="3"/><line number="107" hits="2"/><line number="108" hits="1"/><line number="109" hits="1"/><line number="110" hits="3"/><line number="114" hits="1"/><line number="115" hits="1"/><line number="118" hits="1"/><line number="119" hits="1"/><line number="125" hits="1"/><line number="126" hits="3"/></lines></class><class name="esgd" filename="src/esgd.rs" line-rate="1" branch-rate="0" complexity="0"><methods/><lines><line number="34" hits="2"/><line number="48" hits="3"/><line number="49" hits="5"/><line number="51" hits="7"/><line number="52" hits="7"/><line number="54" hits="5"/><line number="58" hits="3"/><line number="61" hits="1"/><line number="62" hits="1"/><line number="65" hits="1"/><line number="66" hits="2"/><line number="67" hits="1"/><line number="68" hits="2"/><line number="69" hits="1"/><line number="71" hits="1"/><line number="72" hits="1"/><line number="75" hits="4"/><line number="76" hits="2"/><line number="78" hits="2"/><line number="80" hits="2"/><line number="81" hits="2"/><line number="86" hits="1"/><line number="88" hits="2"/><line number="90" hits="2"/><line number="91" hits="1"/><line number="96" hits="2"/><line number="97" hits="1"/><line number="99" hits="1"/><line number="100" hits="1"/><line number="103" hits="4"/><line number="104" hits="2"/><line number="107" hits="2"/><line number="109" hits="1"/><line number="114" hits="1"/><line number="117" hits="2"/><line number="119" hits="1"/><line number="126" hits="1"/><line number="127" hits="2"/><line number="128" hits="1"/><line number="130" hits="1"/><line number="131" hits="1"/><line number="132" hits="2"/><line number="135" hits="4"/><line number="136" hits="2"/><line number="138" hits="2"/><line number="140" hits="2"/><line number="141" hits="2"/><line number="146" hits="2"/><line number="148" hits="2"/><line number="150" hits="2"/><line number="151" hits="1"/><line number="156" hits="3"/><line number="157" hits="1"/><line number="159" hits="1"/><line number="160" hits="1"/><line number="161" hits="2"/><line number="164" hits="4"/><line number="165" hits="2"/><line number="168" hits="2"/><line number="170" hits="1"/><line number="175" hits="2"/><line number="178" hits="5"/><line number="180" hits="1"/><line number="186" hits="1"/><line number="189" hits="1"/><line number="190" hits="1"/><line number="196" hits="1"/><line number="197" hits="3"/></lines></class><class name="lbfgs" filename="src/lbfgs.rs" line-rate="0.8402777777777778" branch-rate="0" complexity="0"><methods/><lines><line number="33" hits="3"/><line number="58" hits="4"/><line number="59" hits="4"/><line number="60" hits="4"/><line number="61" hits="4"/><line number="62" hits="4"/><line number="63" hits="4"/><line number="64" hits="4"/><line number="65" hits="4"/><line number="66" hits="0"/><line number="67" hits="0"/><line number="71" hits="2"/><line number="72" hits="2"/><line number="73" hits="2"/><line number="75" hits="12"/><line number="76" hits="0"/><line number="77" hits="0"/><line number="78" hits="2"/><line number="79" hits="0"/><line number="80" hits="4"/><line number="82" hits="2"/><line number="85" hits="2"/><line number="87" hits="4"/><line number="88" hits="4"/><line number="89" hits="2"/><line number="91" hits="4"/><line number="94" hits="4"/><line number="96" hits="4"/><line number="98" hits="2"/><line number="99" hits="1"/><line number="101" hits="6"/><line number="102" hits="4"/><line number="103" hits="4"/><line number="107" hits="6"/><line number="108" hits="12"/><line number="110" hits="2"/><line number="112" hits="10"/><line number="113" hits="0"/><line number="114" hits="0"/><line number="115" hits="2"/><line number="116" hits="0"/><line number="117" hits="2"/><line number="119" hits="2"/><line number="121" hits="2"/><line number="124" hits="4"/><line number="125" hits="4"/><line number="126" hits="6"/><line number="135" hits="12"/><line number="136" hits="0"/><line number="137" hits="2"/><line number="138" hits="0"/><line number="139" hits="0"/><line number="140" hits="2"/><line number="142" hits="4"/><line number="143" hits="10"/><line number="144" hits="0"/><line number="145" hits="2"/><line number="146" hits="2"/><line number="148" hits="2"/><line number="150" hits="2"/><line number="151" hits="2"/><line number="155" hits="4"/><line number="156" hits="8"/><line number="157" hits="0"/><line number="158" hits="0"/><line number="159" hits="4"/><line number="160" hits="4"/><line number="162" hits="2"/><line number="163" hits="12"/><line number="164" hits="0"/><line number="165" hits="2"/><line number="166" hits="4"/><line number="167" hits="2"/><line number="170" hits="2"/><line number="171" hits="2"/><line number="173" hits="4"/><line number="174" hits="2"/><line number="175" hits="6"/><line number="176" hits="12"/><line number="177" hits="0"/><line number="178" hits="0"/><line number="179" hits="2"/><line number="180" hits="0"/><line number="181" hits="2"/><line number="183" hits="2"/><line number="186" hits="3"/><line number="187" hits="0"/><line number="188" hits="0"/><line number="189" hits="3"/><line number="190" hits="1"/><line number="191" hits="1"/><line number="192" hits="2"/><line number="193" hits="1"/><line number="194" hits="3"/><line number="200" hits="1"/><line number="201" hits="1"/><line number="206" hits="4"/><line number="208" hits="4"/><line number="209" hits="4"/><line number="211" hits="4"/><line number="214" hits="6"/><line number="216" hits="4"/><line number="217" hits="4"/><line number="218" hits="2"/><line number="221" hits="1"/><line number="222" hits="1"/><line number="225" hits="1"/><line number="226" hits="1"/><line number="230" hits="1"/><line number="231" hits="1"/><line number="235" hits="1"/><line number="236" hits="1"/><line number="237" hits="2"/><line number="238" hits="3"/><line number="239" hits="2"/><line number="240" hits="2"/><line number="242" hits="0"/><line number="243" hits="0"/><line number="246" hits="2"/><line number="249" hits="1"/><line number="250" hits="1"/><line number="251" hits="2"/><line number="252" hits="1"/><line number="253" hits="3"/><line number="254" hits="1"/><line number="255" hits="2"/><line number="256" hits="2"/><line number="257" hits="1"/><line number="259" hits="1"/><line number="262" hits="1"/><line number="263" hits="2"/><line number="264" hits="2"/><line number="266" hits="1"/><line number="270" hits="1"/><line number="273" hits="1"/><line number="274" hits="0"/><line number="276" hits="2"/><line number="279" hits="2"/><line number="280" hits="1"/><line number="281" hits="2"/><line number="282" hits="3"/><line number="284" hits="1"/><line number="285" hits="3"/><line number="286" hits="1"/></lines></class><class name="lib" filename="src/lib.rs" line-rate="0" branch-rate="0" complexity="0"><methods/><lines><line number="54" hits="0"/><line number="55" hits="0"/><line number="57" hits="0"/><line number="58" hits="0"/><line number="59" hits="0"/></lines></class><class name="nadam" filename="src/nadam.rs" line-rate="1" branch-rate="0" complexity="0"><methods/><lines><line number="42" hits="5"/><line number="58" hits="5"/><line number="59" hits="5"/><line number="61" hits="10"/><line number="62" hits="5"/><line number="63" hits="10"/><line number="64" hits="5"/><line number="65" hits="5"/><line number="66" hits="5"/><line number="67" hits="10"/><line number="68" hits="5"/><line number="74" hits="5"/><line number="75" hits="10"/><line number="76" hits="5"/><line number="77" hits="5"/><line number="87" hits="1"/><line number="88" hits="1"/><line number="91" hits="3"/><line number="92" hits="3"/><line number="93" hits="6"/><line number="94" hits="3"/><line number="95" hits="3"/><line number="98" hits="3"/><line number="99" hits="3"/><line number="100" hits="3"/><line number="101" hits="3"/><line number="102" hits="3"/><line number="103" hits="3"/><line number="105" hits="3"/><line number="106" hits="2"/><line number="107" hits="1"/><line number="108" hits="1"/><line number="109" hits="1"/><line number="110" hits="1"/><line number="111" hits="3"/><line number="112" hits="1"/><line number="113" hits="4"/><line number="114" hits="1"/><line number="115" hits="4"/><line number="116" hits="1"/><line number="117" hits="2"/><line number="118" hits="2"/><line number="120" hits="1"/><line number="121" hits="1"/><line number="122" hits="2"/><line number="125" hits="2"/><line number="126" hits="2"/><line number="127" hits="1"/><line number="128" hits="1"/><line number="129" hits="1"/><line number="130" hits="1"/><line number="131" hits="2"/><line number="132" hits="2"/><line number="133" hits="1"/><line number="135" hits="4"/><line number="136" hits="1"/><line number="137" hits="4"/><line number="138" hits="1"/><line number="139" hits="4"/><line number="140" hits="1"/><line number="141" hits="2"/><line number="142" hits="2"/><line number="144" hits="1"/><line number="145" hits="1"/><line number="146" hits="2"/><line number="150" hits="3"/><line number="151" hits="1"/><line number="152" hits="1"/><line number="153" hits="1"/><line number="154" hits="1"/><line number="155" hits="1"/><line number="156" hits="4"/><line number="157" hits="1"/><line number="158" hits="4"/><line number="159" hits="1"/><line number="160" hits="4"/><line number="161" hits="1"/><line number="162" hits="2"/><line number="163" hits="2"/><line number="165" hits="1"/><line number="166" hits="1"/><line number="167" hits="5"/><line number="172" hits="1"/><line number="173" hits="1"/><line number="176" hits="1"/><line number="177" hits="1"/><line number="183" hits="1"/><line number="184" hits="3"/></lines></class><class name="radam" filename="src/radam.rs" line-rate="1" branch-rate="0" complexity="0"><methods/><lines><line number="37" hits="4"/><line number="51" hits="4"/><line number="52" hits="4"/><line number="54" hits="8"/><line number="55" hits="4"/><line number="56" hits="8"/><line number="57" hits="4"/><line number="58" hits="4"/><line number="59" hits="4"/><line number="60" hits="8"/><line number="61" hits="4"/><line number="67" hits="4"/><line number="68" hits="4"/><line number="76" hits="1"/><line number="77" hits="1"/><line number="80" hits="2"/><line number="82" hits="4"/><line number="83" hits="4"/><line number="84" hits="2"/><line number="85" hits="2"/><line number="86" hits="2"/><line number="87" hits="1"/><line number="88" hits="1"/><line number="89" hits="1"/><line number="90" hits="1"/><line number="91" hits="3"/><line number="92" hits="1"/><line number="93" hits="4"/><line number="94" hits="1"/><line number="95" hits="2"/><line number="97" hits="3"/><line number="98" hits="4"/><line number="99" hits="2"/><line number="100" hits="2"/><line number="101" hits="1"/><line number="103" hits="1"/><line number="105" hits="2"/><line number="107" hits="2"/><line number="108" hits="1"/><line number="109" hits="2"/><line number="113" hits="3"/><line number="114" hits="1"/><line number="115" hits="1"/><line number="116" hits="1"/><line number="117" hits="1"/><line number="118" hits="1"/><line number="119" hits="4"/><line number="120" hits="1"/><line number="121" hits="4"/><line number="122" hits="1"/><line number="123" hits="2"/><line number="125" hits="3"/><line number="126" hits="4"/><line number="127" hits="2"/><line number="128" hits="2"/><line number="129" hits="1"/><line number="131" hits="1"/><line number="133" hits="2"/><line number="135" hits="2"/><line number="136" hits="1"/><line number="137" hits="4"/><line number="142" hits="1"/><line number="143" hits="1"/><line number="146" hits="1"/><line number="147" hits="1"/><line number="153" hits="1"/><line number="154" hits="3"/></lines></class><class name="rmsprop" filename="src/rmsprop.rs" line-rate="0.9807692307692307" branch-rate="0" complexity="0"><methods/><lines><line number="40" hits="4"/><line number="41" hits="4"/><line number="42" hits="4"/><line number="43" hits="8"/><line number="44" hits="4"/><line number="45" hits="8"/><line number="46" hits="4"/><line number="47" hits="4"/><line number="48" hits="4"/><line number="49" hits="4"/><line number="51" hits="0"/><line number="55" hits="1"/><line number="56" hits="3"/><line number="59" hits="2"/><line number="64" hits="2"/><line number="65" hits="2"/><line number="66" hits="1"/><line number="67" hits="1"/><line number="68" hits="1"/><line number="69" hits="3"/><line number="70" hits="1"/><line number="72" hits="2"/><line number="73" hits="2"/><line number="74" hits="1"/><line number="78" hits="3"/><line number="79" hits="1"/><line number="80" hits="1"/><line number="81" hits="1"/><line number="82" hits="1"/><line number="83" hits="4"/><line number="84" hits="1"/><line number="86" hits="2"/><line number="87" hits="2"/><line number="88" hits="3"/><line number="92" hits="1"/><line number="107" hits="3"/><line number="108" hits="3"/><line number="109" hits="2"/><line number="110" hits="5"/><line number="111" hits="3"/><line number="112" hits="5"/><line number="113" hits="2"/><line number="114" hits="3"/><line number="115" hits="2"/><line number="116" hits="6"/><line number="117" hits="3"/><line number="119" hits="0"/><line number="123" hits="1"/><line number="124" hits="3"/><line number="127" hits="2"/><line number="132" hits="2"/><line number="133" hits="2"/><line number="134" hits="1"/><line number="135" hits="1"/><line number="136" hits="1"/><line number="137" hits="1"/><line number="138" hits="3"/><line number="139" hits="1"/><line number="140" hits="1"/><line number="141" hits="2"/><line number="143" hits="3"/><line number="146" hits="2"/><line number="147" hits="2"/><line number="148" hits="1"/><line number="149" hits="2"/><line number="153" hits="3"/><line number="154" hits="1"/><line number="155" hits="1"/><line number="156" hits="1"/><line number="157" hits="1"/><line number="158" hits="1"/><line number="159" hits="4"/><line number="160" hits="1"/><line number="161" hits="1"/><line number="162" hits="2"/><line number="164" hits="3"/><line number="167" hits="2"/><line number="168" hits="2"/><line number="169" hits="1"/><line number="170" hits="4"/><line number="175" hits="1"/><line number="190" hits="3"/><line number="191" hits="3"/><line number="192" hits="3"/><line number="193" hits="6"/><line number="194" hits="3"/><line number="195" hits="6"/><line number="196" hits="3"/><line number="197" hits="3"/><line number="198" hits="3"/><line number="199" hits="6"/><line number="200" hits="3"/><line number="202" hits="0"/><line number="205" hits="1"/><line number="206" hits="3"/><line number="209" hits="2"/><line number="214" hits="2"/><line number="215" hits="2"/><line number="216" hits="1"/><line number="217" hits="1"/><line number="218" hits="1"/><line number="219" hits="1"/><line number="220" hits="3"/><line number="221" hits="1"/><line number="223" hits="4"/><line number="224" hits="1"/><line number="225" hits="2"/><line number="226" hits="1"/><line number="227" hits="2"/><line number="231" hits="3"/><line number="232" hits="1"/><line number="233" hits="1"/><line number="234" hits="1"/><line number="235" hits="1"/><line number="236" hits="1"/><line number="237" hits="4"/><line number="238" hits="1"/><line number="240" hits="4"/><line number="241" hits="1"/><line number="242" hits="2"/><line number="243" hits="1"/><line number="244" hits="4"/><line number="249" hits="1"/><line number="265" hits="3"/><line number="266" hits="3"/><line number="267" hits="3"/><line number="268" hits="6"/><line number="269" hits="3"/><line number="270" hits="6"/><line number="271" hits="3"/><line number="272" hits="3"/><line number="273" hits="3"/><line number="274" hits="6"/><line number="275" hits="6"/><line number="276" hits="3"/><line number="277" hits="3"/><line number="278" hits="3"/><line number="279" hits="3"/><line number="283" hits="0"/><line number="287" hits="1"/><line number="288" hits="3"/><line number="291" hits="2"/><line number="296" hits="2"/><line number="297" hits="2"/><line number="298" hits="1"/><line number="299" hits="1"/><line number="300" hits="1"/><line number="301" hits="1"/><line number="302" hits="1"/><line number="303" hits="3"/><line number="304" hits="1"/><line number="306" hits="1"/><line number="307" hits="2"/><line number="309" hits="3"/><line number="312" hits="4"/><line number="313" hits="1"/><line number="314" hits="2"/><line number="315" hits="1"/><line number="316" hits="2"/><line number="317" hits="2"/><line number="321" hits="3"/><line number="322" hits="1"/><line number="323" hits="1"/><line number="324" hits="1"/><line number="325" hits="1"/><line number="326" hits="1"/><line number="327" hits="1"/><line number="328" hits="4"/><line number="329" hits="1"/><line number="331" hits="1"/><line number="332" hits="2"/><line number="334" hits="3"/><line number="337" hits="4"/><line number="338" hits="1"/><line number="339" hits="2"/><line number="340" hits="1"/><line number="341" hits="2"/><line number="342" hits="4"/><line number="347" hits="1"/><line number="370" hits="9"/><line number="385" hits="10"/><line number="386" hits="18"/><line number="389" hits="3"/><line number="390" hits="5"/><line number="393" hits="14"/><line number="408" hits="4"/><line number="409" hits="4"/><line number="412" hits="16"/><line number="416" hits="3"/><line number="417" hits="3"/><line number="424" hits="3"/><line number="425" hits="6"/><line number="431" hits="1"/><line number="432" hits="1"/><line number="435" hits="2"/><line number="436" hits="2"/><line number="437" hits="2"/><line number="438" hits="2"/><line number="439" hits="2"/><line number="440" hits="2"/><line number="445" hits="1"/><line number="446" hits="1"/><line number="452" hits="1"/><line number="453" hits="1"/><line number="454" hits="1"/><line number="455" hits="1"/><line number="456" hits="1"/><line number="457" hits="1"/></lines></class></classes></package><package name="examples/mnist" line-rate="0" branch-rate="0" complexity="0"><classes></classes></package><package name="examples" line-rate="0" branch-rate="0" complexity="0"><classes></classes></package><package name="tests" line-rate="0" branch-rate="0" complexity="0"><classes></classes></package><package name="src/lbfgs" line-rate="0.8661971830985915" branch-rate="0" complexity="0"><classes><class name="strong_wolfe" filename="src/lbfgs/strong_wolfe.rs" line-rate="0.8661971830985915" branch-rate="0" complexity="0"><methods/><lines><line number="9" hits="1"/><line number="24" hits="3"/><line number="25" hits="1"/><line number="26" hits="3"/><line number="27" hits="1"/><line number="29" hits="1"/><line number="31" hits="1"/><line number="32" hits="1"/><line number="33" hits="2"/><line number="34" hits="1"/><line number="35" hits="2"/><line number="36" hits="1"/><line number="38" hits="1"/><line number="40" hits="1"/><line number="42" hits="1"/><line number="72" hits="1"/><line number="86" hits="6"/><line number="87" hits="0"/><line number="88" hits="0"/><line number="89" hits="1"/><line number="90" hits="2"/><line number="93" hits="1"/><line number="94" hits="2"/><line number="95" hits="1"/><line number="96" hits="6"/><line number="98" hits="1"/><line number="102" hits="1"/><line number="103" hits="1"/><line number="104" hits="1"/><line number="105" hits="1"/><line number="109" hits="0"/><line number="110" hits="2"/><line number="113" hits="1"/><line number="117" hits="1"/><line number="118" hits="1"/><line number="119" hits="1"/><line number="120" hits="1"/><line number="121" hits="1"/><line number="125" hits="2"/><line number="129" hits="0"/><line number="130" hits="0"/><line number="131" hits="0"/><line number="132" hits="0"/><line number="133" hits="0"/><line number="135" hits="0"/><line number="136" hits="0"/><line number="141" hits="1"/><line number="145" hits="1"/><line number="146" hits="1"/><line number="147" hits="1"/><line number="148" hits="1"/><line number="149" hits="1"/><line number="154" hits="1"/><line number="155" hits="1"/><line number="156" hits="1"/><line number="157" hits="2"/><line number="158" hits="1"/><line number="159" hits="1"/><line number="160" hits="1"/><line number="161" hits="1"/><line number="162" hits="1"/><line number="163" hits="1"/><line number="164" hits="1"/><line number="168" hits="1"/><line number="169" hits="1"/><line number="170" hits="1"/><line number="171" hits="1"/><line number="173" hits="2"/><line number="175" hits="1"/><line number="176" hits="2"/><line number="178" hits="2"/><line number="179" hits="6"/><line number="180" hits="0"/><line number="181" hits="1"/><line number="182" hits="2"/><line number="183" hits="1"/><line number="186" hits="1"/><line number="190" hits="0"/><line number="191" hits="0"/><line number="192" hits="0"/><line number="193" hits="0"/><line number="194" hits="0"/><line number="202" hits="1"/><line number="204" hits="4"/><line number="205" hits="1"/><line number="207" hits="1"/><line number="209" hits="1"/><line number="211" hits="2"/><line number="212" hits="0"/><line number="216" hits="1"/><line number="217" hits="1"/><line number="218" hits="1"/><line number="219" hits="1"/><line number="220" hits="1"/><line number="221" hits="1"/><line number="222" hits="1"/><line number="223" hits="1"/><line number="233" hits="1"/><line number="234" hits="1"/><line number="235" hits="1"/><line number="236" hits="2"/><line number="238" hits="5"/><line number="240" hits="3"/><line number="241" hits="1"/><line number="243" hits="1"/><line number="245" hits="1"/><line number="247" hits="1"/><line number="250" hits="1"/><line number="255" hits="2"/><line number="257" hits="1"/><line number="258" hits="2"/><line number="259" hits="2"/><line number="260" hits="6"/><line number="261" hits="0"/><line number="262" hits="1"/><line number="263" hits="2"/><line number="264" hits="1"/><line number="266" hits="5"/><line number="268" hits="2"/><line number="269" hits="2"/><line number="270" hits="2"/><line number="271" hits="2"/><line number="272" hits="4"/><line number="273" hits="1"/><line number="275" hits="1"/><line number="278" hits="1"/><line number="280" hits="0"/><line number="281" hits="3"/><line number="283" hits="1"/><line number="284" hits="2"/><line number="285" hits="2"/><line number="286" hits="2"/><line number="290" hits="2"/><line number="291" hits="2"/><line number="292" hits="2"/><line number="293" hits="2"/><line number="298" hits="2"/><line number="299" hits="2"/><line number="302" hits="1"/><line number="303" hits="1"/><line number="305" hits="3"/><line number="307" hits="2"/></lines></class></classes></package></packages></coverage>